-------------------------------------------------------------------------------
Test set: com.artattack.cureTest
-------------------------------------------------------------------------------
Tests run: 1, Failures: 0, Errors: 1, Skipped: 0, Time elapsed: 0.054 s <<< FAILURE! - in com.artattack.cureTest
testUse(com.artattack.cureTest)  Time elapsed: 0.01 s  <<< ERROR!
java.lang.Error: 
Unresolved compilation problem: 
	Unhandled exception type Exception

	at com.artattack.cureTest.testUse(cureTest.java:38)

