<?xml version="1.0" encoding="UTF-8"?>
<testsuite xmlns:xsi="http://www.w3.org/2001/XMLSchema-instance" xsi:noNamespaceSchemaLocation="https://maven.apache.org/surefire/maven-surefire-plugin/xsd/surefire-test-report.xsd" name="com.artattack.cureTest" time="0.054" tests="1" errors="1" skipped="0" failures="0">
  <properties>
[...]
</properties>
  <testcase name="testUse" classname="com.artattack.cureTest" time="0.01">
    <error message="Unresolved compilation problem: &#10;	Unhandled exception type Exception&#10;" type="java.lang.Error">java.lang.Error: 
Unresolved compilation problem: 
	Unhandled exception type Exception

	at com.artattack.cureTest.testUse(cureTest.java:38)
</error>
  </testcase>
</testsuite>